Traceback (most recent call last):
  File "/usr/local/lib/python3.10/dist-packages/jupyter_cache/executors/utils.py", line 58, in single_nb_execution
    executenb(
  File "/usr/local/lib/python3.10/dist-packages/nbclient/client.py", line 1305, in execute
    return NotebookClient(nb=nb, resources=resources, km=km, **kwargs).execute()
  File "/usr/local/lib/python3.10/dist-packages/jupyter_core/utils/__init__.py", line 173, in wrapped
    return loop.run_until_complete(inner)
  File "/usr/lib/python3.10/asyncio/base_events.py", line 649, in run_until_complete
    return future.result()
  File "/usr/local/lib/python3.10/dist-packages/nbclient/client.py", line 705, in async_execute
    await self.async_execute_cell(
  File "/usr/local/lib/python3.10/dist-packages/nbclient/client.py", line 1058, in async_execute_cell
    await self._check_raise_for_error(cell, cell_index, exec_reply)
  File "/usr/local/lib/python3.10/dist-packages/nbclient/client.py", line 914, in _check_raise_for_error
    raise CellExecutionError.from_cell_and_msg(cell, exec_reply_content)
nbclient.exceptions.CellExecutionError: An error occurred while executing the following cell:
------------------
import snscrape.modules .twitter as sntwitter
import pandas as pd

data_tweet= []

#mengambil data rentang waktu tertentu 
for data, tweet in enumerate(sntwitter.TwitterSearchScraper("Cak imin since:2022-01-01 until:2022-02-22").get_items()):
  if data >=300:
    break
  data_tweet.append([tweet.user.username,tweet.content,tweet.user.location])
------------------

----- stderr -----
ERROR:snscrape.base:Error retrieving https://twitter.com/i/api/graphql/7jT5GT59P8IFjgxwqnEdQw/SearchTimeline?variables=%7B%22rawQuery%22%3A%22Cak%20imin%20since%3A2022-01-01%20until%3A2022-02-22%22%2C%22count%22%3A20%2C%22product%22%3A%22Latest%22%2C%22withDownvotePerspective%22%3Afalse%2C%22withReactionsMetadata%22%3Afalse%2C%22withReactionsPerspective%22%3Afalse%7D&features=%7B%22rweb_lists_timeline_redesign_enabled%22%3Afalse%2C%22blue_business_profile_image_shape_enabled%22%3Afalse%2C%22responsive_web_graphql_exclude_directive_enabled%22%3Atrue%2C%22verified_phone_label_enabled%22%3Afalse%2C%22creator_subscriptions_tweet_preview_api_enabled%22%3Afalse%2C%22responsive_web_graphql_timeline_navigation_enabled%22%3Atrue%2C%22responsive_web_graphql_skip_user_profile_image_extensions_enabled%22%3Afalse%2C%22tweetypie_unmention_optimization_enabled%22%3Atrue%2C%22vibe_api_enabled%22%3Atrue%2C%22responsive_web_edit_tweet_api_enabled%22%3Atrue%2C%22graphql_is_translatable_rweb_tweet_is_translatable_enabled%22%3Atrue%2C%22view_counts_everywhere_api_enabled%22%3Atrue%2C%22longform_notetweets_consumption_enabled%22%3Atrue%2C%22tweet_awards_web_tipping_enabled%22%3Afalse%2C%22freedom_of_speech_not_reach_fetch_enabled%22%3Afalse%2C%22standardized_nudges_misinfo%22%3Atrue%2C%22tweet_with_visibility_results_prefer_gql_limited_actions_policy_enabled%22%3Afalse%2C%22interactive_text_enabled%22%3Atrue%2C%22responsive_web_text_conversations_enabled%22%3Afalse%2C%22longform_notetweets_rich_text_read_enabled%22%3Afalse%2C%22longform_notetweets_inline_media_enabled%22%3Afalse%2C%22responsive_web_enhance_cards_enabled%22%3Afalse%2C%22responsive_web_twitter_blue_verified_badge_is_enabled%22%3Atrue%7D: blocked (404)
----- stderr -----
CRITICAL:snscrape.base:4 requests to https://twitter.com/i/api/graphql/7jT5GT59P8IFjgxwqnEdQw/SearchTimeline?variables=%7B%22rawQuery%22%3A%22Cak%20imin%20since%3A2022-01-01%20until%3A2022-02-22%22%2C%22count%22%3A20%2C%22product%22%3A%22Latest%22%2C%22withDownvotePerspective%22%3Afalse%2C%22withReactionsMetadata%22%3Afalse%2C%22withReactionsPerspective%22%3Afalse%7D&features=%7B%22rweb_lists_timeline_redesign_enabled%22%3Afalse%2C%22blue_business_profile_image_shape_enabled%22%3Afalse%2C%22responsive_web_graphql_exclude_directive_enabled%22%3Atrue%2C%22verified_phone_label_enabled%22%3Afalse%2C%22creator_subscriptions_tweet_preview_api_enabled%22%3Afalse%2C%22responsive_web_graphql_timeline_navigation_enabled%22%3Atrue%2C%22responsive_web_graphql_skip_user_profile_image_extensions_enabled%22%3Afalse%2C%22tweetypie_unmention_optimization_enabled%22%3Atrue%2C%22vibe_api_enabled%22%3Atrue%2C%22responsive_web_edit_tweet_api_enabled%22%3Atrue%2C%22graphql_is_translatable_rweb_tweet_is_translatable_enabled%22%3Atrue%2C%22view_counts_everywhere_api_enabled%22%3Atrue%2C%22longform_notetweets_consumption_enabled%22%3Atrue%2C%22tweet_awards_web_tipping_enabled%22%3Afalse%2C%22freedom_of_speech_not_reach_fetch_enabled%22%3Afalse%2C%22standardized_nudges_misinfo%22%3Atrue%2C%22tweet_with_visibility_results_prefer_gql_limited_actions_policy_enabled%22%3Afalse%2C%22interactive_text_enabled%22%3Atrue%2C%22responsive_web_text_conversations_enabled%22%3Afalse%2C%22longform_notetweets_rich_text_read_enabled%22%3Afalse%2C%22longform_notetweets_inline_media_enabled%22%3Afalse%2C%22responsive_web_enhance_cards_enabled%22%3Afalse%2C%22responsive_web_twitter_blue_verified_badge_is_enabled%22%3Atrue%7D failed, giving up.
----- stderr -----
CRITICAL:snscrape.base:Errors: blocked (404), blocked (404), blocked (404), blocked (404)
------------------

[0;31m---------------------------------------------------------------------------[0m
[0;31mScraperException[0m                          Traceback (most recent call last)
[0;32m<ipython-input-2-a747c26fffae>[0m in [0;36m<cell line: 7>[0;34m()[0m
[1;32m      5[0m [0;34m[0m[0m
[1;32m      6[0m [0;31m#mengambil data rentang waktu tertentu[0m[0;34m[0m[0;34m[0m[0m
[0;32m----> 7[0;31m [0;32mfor[0m [0mdata[0m[0;34m,[0m [0mtweet[0m [0;32min[0m [0menumerate[0m[0;34m([0m[0msntwitter[0m[0;34m.[0m[0mTwitterSearchScraper[0m[0;34m([0m[0;34m"Cak imin since:2022-01-01 until:2022-02-22"[0m[0;34m)[0m[0;34m.[0m[0mget_items[0m[0;34m([0m[0;34m)[0m[0;34m)[0m[0;34m:[0m[0;34m[0m[0;34m[0m[0m
[0m[1;32m      8[0m   [0;32mif[0m [0mdata[0m [0;34m>=[0m[0;36m300[0m[0;34m:[0m[0;34m[0m[0;34m[0m[0m
[1;32m      9[0m     [0;32mbreak[0m[0;34m[0m[0;34m[0m[0m

[0;32m/usr/local/lib/python3.10/dist-packages/snscrape/modules/twitter.py[0m in [0;36mget_items[0;34m(self)[0m
[1;32m   1761[0m                 [0mpaginationParams[0m [0;34m=[0m [0;34m{[0m[0;34m'variables'[0m[0;34m:[0m [0mpaginationVariables[0m[0;34m,[0m [0;34m'features'[0m[0;34m:[0m [0mfeatures[0m[0;34m}[0m[0;34m[0m[0;34m[0m[0m
[1;32m   1762[0m [0;34m[0m[0m
[0;32m-> 1763[0;31m                 [0;32mfor[0m [0mobj[0m [0;32min[0m [0mself[0m[0;34m.[0m[0m_iter_api_data[0m[0;34m([0m[0;34m'https://twitter.com/i/api/graphql/7jT5GT59P8IFjgxwqnEdQw/SearchTimeline'[0m[0;34m,[0m [0m_TwitterAPIType[0m[0;34m.[0m[0mGRAPHQL[0m[0;34m,[0m [0mparams[0m[0;34m,[0m [0mpaginationParams[0m[0;34m,[0m [0mcursor[0m [0;34m=[0m [0mself[0m[0;34m.[0m[0m_cursor[0m[0;34m,[0m [0minstructionsPath[0m [0;34m=[0m [0;34m[[0m[0;34m'data'[0m[0;34m,[0m [0;34m'search_by_raw_query'[0m[0;34m,[0m [0;34m'search_timeline'[0m[0;34m,[0m [0;34m'timeline'[0m[0;34m,[0m [0;34m'instructions'[0m[0;34m][0m[0;34m)[0m[0;34m:[0m[0;34m[0m[0;34m[0m[0m
[0m[1;32m   1764[0m                         [0;32myield[0m [0;32mfrom[0m [0mself[0m[0;34m.[0m[0m_graphql_timeline_instructions_to_tweets[0m[0;34m([0m[0mobj[0m[0;34m[[0m[0;34m'data'[0m[0;34m][0m[0;34m[[0m[0;34m'search_by_raw_query'[0m[0;34m][0m[0;34m[[0m[0;34m'search_timeline'[0m[0;34m][0m[0;34m[[0m[0;34m'timeline'[0m[0;34m][0m[0;34m[[0m[0;34m'instructions'[0m[0;34m][0m[0;34m)[0m[0;34m[0m[0;34m[0m[0m
[1;32m   1765[0m [0;34m[0m[0m

[0;32m/usr/local/lib/python3.10/dist-packages/snscrape/modules/twitter.py[0m in [0;36m_iter_api_data[0;34m(self, endpoint, apiType, params, paginationParams, cursor, direction, instructionsPath)[0m
[1;32m    913[0m                 [0;32mwhile[0m [0;32mTrue[0m[0;34m:[0m[0;34m[0m[0;34m[0m[0m
[1;32m    914[0m                         [0m_logger[0m[0;34m.[0m[0minfo[0m[0;34m([0m[0;34mf'Retrieving scroll page {cursor}'[0m[0;34m)[0m[0;34m[0m[0;34m[0m[0m
[0;32m--> 915[0;31m                         [0mobj[0m [0;34m=[0m [0mself[0m[0;34m.[0m[0m_get_api_data[0m[0;34m([0m[0mendpoint[0m[0;34m,[0m [0mapiType[0m[0;34m,[0m [0mreqParams[0m[0;34m,[0m [0minstructionsPath[0m [0;34m=[0m [0minstructionsPath[0m[0;34m)[0m[0;34m[0m[0;34m[0m[0m
[0m[1;32m    916[0m                         [0;32myield[0m [0mobj[0m[0;34m[0m[0;34m[0m[0m
[1;32m    917[0m [0;34m[0m[0m

[0;32m/usr/local/lib/python3.10/dist-packages/snscrape/modules/twitter.py[0m in [0;36m_get_api_data[0;34m(self, endpoint, apiType, params, instructionsPath)[0m
[1;32m    884[0m                 [0;32mif[0m [0mapiType[0m [0;32mis[0m [0m_TwitterAPIType[0m[0;34m.[0m[0mGRAPHQL[0m[0;34m:[0m[0;34m[0m[0;34m[0m[0m
[1;32m    885[0m                         [0mparams[0m [0;34m=[0m [0murllib[0m[0;34m.[0m[0mparse[0m[0;34m.[0m[0murlencode[0m[0;34m([0m[0;34m{[0m[0mk[0m[0;34m:[0m [0mjson[0m[0;34m.[0m[0mdumps[0m[0;34m([0m[0mv[0m[0;34m,[0m [0mseparators[0m [0;34m=[0m [0;34m([0m[0;34m','[0m[0;34m,[0m [0;34m':'[0m[0;34m)[0m[0;34m)[0m [0;32mfor[0m [0mk[0m[0;34m,[0m [0mv[0m [0;32min[0m [0mparams[0m[0;34m.[0m[0mitems[0m[0;34m([0m[0;34m)[0m[0;34m}[0m[0;34m,[0m [0mquote_via[0m [0;34m=[0m [0murllib[0m[0;34m.[0m[0mparse[0m[0;34m.[0m[0mquote[0m[0;34m)[0m[0;34m[0m[0;34m[0m[0m
[0;32m--> 886[0;31m                 [0mr[0m [0;34m=[0m [0mself[0m[0;34m.[0m[0m_get[0m[0;34m([0m[0mendpoint[0m[0;34m,[0m [0mparams[0m [0;34m=[0m [0mparams[0m[0;34m,[0m [0mheaders[0m [0;34m=[0m [0mself[0m[0;34m.[0m[0m_apiHeaders[0m[0;34m,[0m [0mresponseOkCallback[0m [0;34m=[0m [0mfunctools[0m[0;34m.[0m[0mpartial[0m[0;34m([0m[0mself[0m[0;34m.[0m[0m_check_api_response[0m[0;34m,[0m [0mapiType[0m [0;34m=[0m [0mapiType[0m[0;34m,[0m [0minstructionsPath[0m [0;34m=[0m [0minstructionsPath[0m[0;34m)[0m[0;34m)[0m[0;34m[0m[0;34m[0m[0m
[0m[1;32m    887[0m                 [0;32mreturn[0m [0mr[0m[0;34m.[0m[0m_snscrapeObj[0m[0;34m[0m[0;34m[0m[0m
[1;32m    888[0m [0;34m[0m[0m

[0;32m/usr/local/lib/python3.10/dist-packages/snscrape/base.py[0m in [0;36m_get[0;34m(self, *args, **kwargs)[0m
[1;32m    273[0m [0;34m[0m[0m
[1;32m    274[0m         [0;32mdef[0m [0m_get[0m[0;34m([0m[0mself[0m[0;34m,[0m [0;34m*[0m[0margs[0m[0;34m,[0m [0;34m**[0m[0mkwargs[0m[0;34m)[0m[0;34m:[0m[0;34m[0m[0;34m[0m[0m
[0;32m--> 275[0;31m                 [0;32mreturn[0m [0mself[0m[0;34m.[0m[0m_request[0m[0;34m([0m[0;34m'GET'[0m[0;34m,[0m [0;34m*[0m[0margs[0m[0;34m,[0m [0;34m**[0m[0mkwargs[0m[0;34m)[0m[0;34m[0m[0;34m[0m[0m
[0m[1;32m    276[0m [0;34m[0m[0m
[1;32m    277[0m         [0;32mdef[0m [0m_post[0m[0;34m([0m[0mself[0m[0;34m,[0m [0;34m*[0m[0margs[0m[0;34m,[0m [0;34m**[0m[0mkwargs[0m[0;34m)[0m[0;34m:[0m[0;34m[0m[0;34m[0m[0m

[0;32m/usr/local/lib/python3.10/dist-packages/snscrape/base.py[0m in [0;36m_request[0;34m(self, method, url, params, data, headers, timeout, responseOkCallback, allowRedirects, proxies)[0m
[1;32m    269[0m                         [0m_logger[0m[0;34m.[0m[0mfatal[0m[0;34m([0m[0mmsg[0m[0;34m)[0m[0;34m[0m[0;34m[0m[0m
[1;32m    270[0m                         [0m_logger[0m[0;34m.[0m[0mfatal[0m[0;34m([0m[0;34mf'Errors: {", ".join(errors)}'[0m[0;34m)[0m[0;34m[0m[0;34m[0m[0m
[0;32m--> 271[0;31m                         [0;32mraise[0m [0mScraperException[0m[0;34m([0m[0mmsg[0m[0;34m)[0m[0;34m[0m[0;34m[0m[0m
[0m[1;32m    272[0m                 [0;32mraise[0m [0mRuntimeError[0m[0;34m([0m[0;34m'Reached unreachable code'[0m[0;34m)[0m[0;34m[0m[0;34m[0m[0m
[1;32m    273[0m [0;34m[0m[0m

[0;31mScraperException[0m: 4 requests to https://twitter.com/i/api/graphql/7jT5GT59P8IFjgxwqnEdQw/SearchTimeline?variables=%7B%22rawQuery%22%3A%22Cak%20imin%20since%3A2022-01-01%20until%3A2022-02-22%22%2C%22count%22%3A20%2C%22product%22%3A%22Latest%22%2C%22withDownvotePerspective%22%3Afalse%2C%22withReactionsMetadata%22%3Afalse%2C%22withReactionsPerspective%22%3Afalse%7D&features=%7B%22rweb_lists_timeline_redesign_enabled%22%3Afalse%2C%22blue_business_profile_image_shape_enabled%22%3Afalse%2C%22responsive_web_graphql_exclude_directive_enabled%22%3Atrue%2C%22verified_phone_label_enabled%22%3Afalse%2C%22creator_subscriptions_tweet_preview_api_enabled%22%3Afalse%2C%22responsive_web_graphql_timeline_navigation_enabled%22%3Atrue%2C%22responsive_web_graphql_skip_user_profile_image_extensions_enabled%22%3Afalse%2C%22tweetypie_unmention_optimization_enabled%22%3Atrue%2C%22vibe_api_enabled%22%3Atrue%2C%22responsive_web_edit_tweet_api_enabled%22%3Atrue%2C%22graphql_is_translatable_rweb_tweet_is_translatable_enabled%22%3Atrue%2C%22view_counts_everywhere_api_enabled%22%3Atrue%2C%22longform_notetweets_consumption_enabled%22%3Atrue%2C%22tweet_awards_web_tipping_enabled%22%3Afalse%2C%22freedom_of_speech_not_reach_fetch_enabled%22%3Afalse%2C%22standardized_nudges_misinfo%22%3Atrue%2C%22tweet_with_visibility_results_prefer_gql_limited_actions_policy_enabled%22%3Afalse%2C%22interactive_text_enabled%22%3Atrue%2C%22responsive_web_text_conversations_enabled%22%3Afalse%2C%22longform_notetweets_rich_text_read_enabled%22%3Afalse%2C%22longform_notetweets_inline_media_enabled%22%3Afalse%2C%22responsive_web_enhance_cards_enabled%22%3Afalse%2C%22responsive_web_twitter_blue_verified_badge_is_enabled%22%3Atrue%7D failed, giving up.

